<?xml version="1.0" encoding="UTF-8"?>
<robot generator="Robot 3.2.2 (Python 3.7.9 on win32)" generated="20201023 13:27:59.408" rpa="false">
<suite id="s1" name="MCQ" source="C:\Users\Anand\git\MCQ-\MCQ">
<suite id="s1-s1" name="Tests" source="C:\Users\Anand\git\MCQ-\MCQ\Tests">
<suite id="s1-s1-s1" name="DefaultMasterMapping" source="C:\Users\Anand\git\MCQ-\MCQ\Tests\DefaultMasterMapping.robot">
<test id="s1-s1-s1-t1" name="Map Default types to Admin &amp; Teacher">
<kw name="Login into the application as Admin" library="General keywords">
<kw name="Open Browser" library="SeleniumLibrary">
<doc>Opens a new browser instance to the optional ``url``.</doc>
<arguments>
<arg>${Server url}</arg>
<arg>chrome</arg>
</arguments>
<msg timestamp="20201023 13:27:59.704" level="INFO">Opening browser 'chrome' to base url 'http://muthucsm-001-site10.btempurl.com/'.</msg>
<status status="PASS" starttime="20201023 13:27:59.703" endtime="20201023 13:28:08.232"></status>
</kw>
<kw name="Maximize Browser Window" library="SeleniumLibrary">
<doc>Maximizes current browser window.</doc>
<status status="PASS" starttime="20201023 13:28:08.233" endtime="20201023 13:28:10.376"></status>
</kw>
<kw name="Set Browser Implicit Wait" library="SeleniumLibrary">
<doc>Sets the implicit wait value used by Selenium.</doc>
<arguments>
<arg>15</arg>
</arguments>
<status status="PASS" starttime="20201023 13:28:10.377" endtime="20201023 13:28:10.381"></status>
</kw>
<kw name="Input Text" library="SeleniumLibrary">
<doc>Types the given ``text`` into the text field identified by ``locator``.</doc>
<arguments>
<arg>${LoginUsernameTextbox}</arg>
<arg>${Admin Username}</arg>
</arguments>
<msg timestamp="20201023 13:28:10.383" level="INFO">Typing text 'admin_001' into text field 'xpath://*[@id='TxtUserName']'.</msg>
<status status="PASS" starttime="20201023 13:28:10.382" endtime="20201023 13:28:10.589"></status>
</kw>
<kw name="Input Password" library="SeleniumLibrary">
<doc>Types the given password into the text field identified by ``locator``.</doc>
<arguments>
<arg>${LoginPasswordTextbox}</arg>
<arg>${Admin Password}</arg>
</arguments>
<msg timestamp="20201023 13:28:10.590" level="INFO">Typing password into text field 'xpath://*[@id='TxtPassword']'.</msg>
<msg timestamp="20201023 13:28:10.649" level="INFO">Temporally setting log level to: NONE</msg>
<msg timestamp="20201023 13:28:10.718" level="INFO">Log level changed from NONE to INFO.</msg>
<status status="PASS" starttime="20201023 13:28:10.589" endtime="20201023 13:28:10.719"></status>
</kw>
<kw name="Sleep" library="BuiltIn">
<doc>Pauses the test executed for the given time.</doc>
<arguments>
<arg>${timeout}</arg>
</arguments>
<msg timestamp="20201023 13:28:13.721" level="INFO">Slept 3 seconds</msg>
<status status="PASS" starttime="20201023 13:28:10.719" endtime="20201023 13:28:13.721"></status>
</kw>
<kw name="Click Button" library="SeleniumLibrary">
<doc>Clicks the button identified by ``locator``.</doc>
<arguments>
<arg>${login_Button}</arg>
</arguments>
<msg timestamp="20201023 13:28:13.723" level="INFO">Clicking button 'xpath://*[@ONCLICK='Login()']'.</msg>
<status status="PASS" starttime="20201023 13:28:13.722" endtime="20201023 13:28:13.795"></status>
</kw>
<kw name="Sleep" library="BuiltIn">
<doc>Pauses the test executed for the given time.</doc>
<arguments>
<arg>${timeout}</arg>
</arguments>
<msg timestamp="20201023 13:28:16.804" level="INFO">Slept 3 seconds</msg>
<status status="PASS" starttime="20201023 13:28:13.796" endtime="20201023 13:28:16.805"></status>
</kw>
<status status="PASS" starttime="20201023 13:27:59.702" endtime="20201023 13:28:16.807"></status>
</kw>
<kw name="Navigate to Default Master Mapping" library="General keywords">
<kw name="Click Element" library="SeleniumLibrary">
<doc>Click the element identified by ``locator``.</doc>
<arguments>
<arg>${SystemMappingMenu}</arg>
</arguments>
<msg timestamp="20201023 13:28:16.812" level="INFO">Clicking element 'xpath://*[contains(text(),'System Mapping')]'.</msg>
<status status="PASS" starttime="20201023 13:28:16.810" endtime="20201023 13:28:19.280"></status>
</kw>
<kw name="Click Element" library="SeleniumLibrary">
<doc>Click the element identified by ``locator``.</doc>
<arguments>
<arg>${DefaultMasterMappingMenu}</arg>
</arguments>
<msg timestamp="20201023 13:28:19.281" level="INFO">Clicking element 'xpath://*[text()= 'Default Master Mapping']'.</msg>
<status status="PASS" starttime="20201023 13:28:19.280" endtime="20201023 13:28:19.359"></status>
</kw>
<kw name="Sleep" library="BuiltIn">
<doc>Pauses the test executed for the given time.</doc>
<arguments>
<arg>${timeout}</arg>
</arguments>
<msg timestamp="20201023 13:28:22.369" level="INFO">Slept 3 seconds</msg>
<status status="PASS" starttime="20201023 13:28:19.360" endtime="20201023 13:28:22.370"></status>
</kw>
<status status="PASS" starttime="20201023 13:28:16.808" endtime="20201023 13:28:22.372"></status>
</kw>
<kw name="Map the default types for Admin and verify it" library="DefaultMasterMapping_key">
<kw name="Select From List By Label" library="SeleniumLibrary">
<doc>Selects options from selection list ``locator`` by ``labels``.</doc>
<arguments>
<arg>${SelectRoleInDefaultMasterMap_loc}</arg>
<arg>${SelectAdminRoleInDefaultMasterMap_data}</arg>
</arguments>
<msg timestamp="20201023 13:28:22.379" level="INFO">Selecting options from selection list 'xpath://*[@id='DdlDefaultMasterSetUpUserRole']' by label Admin.</msg>
<status status="PASS" starttime="20201023 13:28:22.377" endtime="20201023 13:28:22.541"></status>
</kw>
<kw name="Click Element" library="SeleniumLibrary">
<doc>Click the element identified by ``locator``.</doc>
<arguments>
<arg>${btnDefaultTypeSearch}</arg>
</arguments>
<msg timestamp="20201023 13:28:22.542" level="INFO">Clicking element 'xpath://*[@id='btnDefaultTypeSearch']'.</msg>
<status status="PASS" starttime="20201023 13:28:22.542" endtime="20201023 13:28:22.604"></status>
</kw>
<kw name="Sleep" library="BuiltIn">
<doc>Pauses the test executed for the given time.</doc>
<arguments>
<arg>${timeout}</arg>
</arguments>
<msg timestamp="20201023 13:28:25.620" level="INFO">Slept 3 seconds</msg>
<status status="PASS" starttime="20201023 13:28:22.605" endtime="20201023 13:28:25.621"></status>
</kw>
<kw name="Select All From List" library="SeleniumLibrary">
<doc>Selects all options from multi-selection list ``locator``.</doc>
<arguments>
<arg>${lstUnSelectedDefaultType_loc}</arg>
</arguments>
<msg timestamp="20201023 13:28:25.625" level="INFO">Selecting all options from list 'xpath://*[@id='lstUnSelectedDefaultType']'.</msg>
<status status="PASS" starttime="20201023 13:28:25.622" endtime="20201023 13:28:26.711"></status>
</kw>
<kw name="Click Element" library="SeleniumLibrary">
<doc>Click the element identified by ``locator``.</doc>
<arguments>
<arg>${Rightbutton}</arg>
</arguments>
<msg timestamp="20201023 13:28:26.712" level="INFO">Clicking element 'xpath:(//*[@id='btnright'])[1]'.</msg>
<status status="PASS" starttime="20201023 13:28:26.712" endtime="20201023 13:28:26.762"></status>
</kw>
<kw name="Click Element" library="SeleniumLibrary">
<doc>Click the element identified by ``locator``.</doc>
<arguments>
<arg>${btnDefaultTypeUpdate}</arg>
</arguments>
<msg timestamp="20201023 13:28:26.764" level="INFO">Clicking element 'xpath://*[@id='btnDefaultTypeUpdate']'.</msg>
<status status="PASS" starttime="20201023 13:28:26.763" endtime="20201023 13:28:26.809"></status>
</kw>
<kw name="Click Element" library="SeleniumLibrary">
<doc>Click the element identified by ``locator``.</doc>
<arguments>
<arg>${YesButton}</arg>
</arguments>
<msg timestamp="20201023 13:28:26.810" level="INFO">Clicking element 'xpath:(//div[@class='jconfirm-buttons']/button)[1]'.</msg>
<status status="PASS" starttime="20201023 13:28:26.810" endtime="20201023 13:28:26.877"></status>
</kw>
<kw name="Element Text Should Be" library="SeleniumLibrary">
<doc>Verifies that element ``locator`` contains exact the text ``expected``.</doc>
<arguments>
<arg>${lstSelectedDefaultType_loc}</arg>
<arg>@{AdminSelectedDefaultType_data}</arg>
</arguments>
<msg timestamp="20201023 13:28:26.878" level="FAIL">Keyword 'SeleniumLibrary.Element Text Should Be' expected 2 to 4 arguments, got 10.</msg>
<status status="FAIL" starttime="20201023 13:28:26.877" endtime="20201023 13:28:26.878"></status>
</kw>
<status status="FAIL" starttime="20201023 13:28:22.373" endtime="20201023 13:28:26.879"></status>
</kw>
<status status="FAIL" starttime="20201023 13:27:59.700" endtime="20201023 13:28:26.879" critical="yes">Keyword 'SeleniumLibrary.Element Text Should Be' expected 2 to 4 arguments, got 10.</status>
</test>
<status status="FAIL" starttime="20201023 13:27:59.492" endtime="20201023 13:28:26.880"></status>
</suite>
<status status="FAIL" starttime="20201023 13:27:59.488" endtime="20201023 13:28:26.885"></status>
</suite>
<status status="FAIL" starttime="20201023 13:27:59.438" endtime="20201023 13:28:26.889"></status>
</suite>
<statistics>
<total>
<stat pass="0" fail="1">Critical Tests</stat>
<stat pass="0" fail="1">All Tests</stat>
</total>
<tag>
</tag>
<suite>
<stat pass="0" fail="1" id="s1" name="MCQ">MCQ</stat>
<stat pass="0" fail="1" id="s1-s1" name="Tests">MCQ.Tests</stat>
<stat pass="0" fail="1" id="s1-s1-s1" name="DefaultMasterMapping">MCQ.Tests.DefaultMasterMapping</stat>
</suite>
</statistics>
<errors>
</errors>
</robot>
